<?xml version="1.0" encoding="UTF-8"?>
<testng-results ignored="0" total="1" passed="1" failed="0" skipped="0">
  <reporter-output>
  </reporter-output>
  <suite started-at="2022-07-06T11:38:27 SGT" name="Default suite" finished-at="2022-07-06T11:38:30 SGT" duration-ms="3615">
    <groups>
    </groups>
    <test started-at="2022-07-06T11:38:27 SGT" name="Default test" finished-at="2022-07-06T11:38:30 SGT" duration-ms="3615">
      <class name="com.vndly.test.DeleteTodo">
        <test-method signature="deleteTodo()[pri:0, instance:com.vndly.test.DeleteTodo@49dc7102]" started-at="2022-07-06T11:38:27 SGT" name="deleteTodo" finished-at="2022-07-06T11:38:30 SGT" duration-ms="3584" status="PASS">
          <reporter-output>
          </reporter-output>
        </test-method> <!-- deleteTodo -->
      </class> <!-- com.vndly.test.DeleteTodo -->
    </test> <!-- Default test -->
  </suite> <!-- Default suite -->
</testng-results>
